<?xml version="1.0" encoding="UTF-8" ?>
<testsuite tests="6" failures="0" name="br.usp.each.ericksonlbs.imc.IMCTest" time="0.003" errors="0" skipped="0">
  <properties>
[...]
</properties>
  <testcase classname="br.usp.each.ericksonlbs.imc.IMCTest" name="test1" time="0.003"/>
  <testcase classname="br.usp.each.ericksonlbs.imc.IMCTest" name="test2" time="0"/>
  <testcase classname="br.usp.each.ericksonlbs.imc.IMCTest" name="test3" time="0"/>
  <testcase classname="br.usp.each.ericksonlbs.imc.IMCTest" name="test4" time="0"/>
  <testcase classname="br.usp.each.ericksonlbs.imc.IMCTest" name="test5" time="0"/>
  <testcase classname="br.usp.each.ericksonlbs.imc.IMCTest" name="test6" time="0"/>
</testsuite>